2026-04-28 22:33:26,592 | INFO | studyvibe | pipeline ok section=student mood=exam_cram confidence=1.00 n=3 total_ms=4.1
2026-04-28 22:33:26,598 | INFO | studyvibe | pipeline ok section=student mood=exam_cram confidence=1.00 n=2 total_ms=1.9
2026-04-28 22:33:26,603 | INFO | studyvibe | pipeline ok section=student mood=deep_study confidence=1.00 n=3 total_ms=2.6
2026-04-28 22:33:26,612 | INFO | studyvibe | pipeline ok section=personal mood=workout_gym confidence=1.00 n=2 total_ms=4.3
2026-04-28 22:33:26,616 | WARNING | studyvibe | pipeline guardrail layer=activity_allowlist msg=unknown section 'invalid'
2026-04-28 22:33:26,627 | INFO | studyvibe | pipeline ok section=personal mood=chill_unwind confidence=1.00 n=2 total_ms=5.2
2026-04-28 22:33:26,632 | INFO | studyvibe | pipeline ok section=work mood=deep_focus_coding confidence=0.50 n=2 total_ms=2.0
2026-04-28 22:33:26,640 | INFO | studyvibe | pipeline ok section=work mood=email_triage confidence=0.00 n=1 total_ms=5.2
2026-04-28 22:33:26,646 | INFO | studyvibe | pipeline ok section=student mood=exam_cram confidence=0.50 n=1 total_ms=2.6
2026-04-28 22:33:26,648 | INFO | studyvibe | pipeline ok section=student mood=exam_cram confidence=0.50 n=1 total_ms=2.1
2026-04-28 22:34:24,880 | INFO | studyvibe | pipeline ok section=student mood=exam_cram confidence=1.00 n=3 total_ms=2.2
2026-04-28 22:34:24,887 | INFO | studyvibe | pipeline ok section=student mood=exam_cram confidence=1.00 n=2 total_ms=2.9
2026-04-28 22:34:24,893 | INFO | studyvibe | pipeline ok section=student mood=deep_study confidence=1.00 n=3 total_ms=2.7
2026-04-28 22:34:24,911 | INFO | studyvibe | pipeline ok section=personal mood=workout_gym confidence=1.00 n=2 total_ms=15.5
2026-04-28 22:34:24,915 | WARNING | studyvibe | pipeline guardrail layer=activity_allowlist msg=unknown section 'invalid'
2026-04-28 22:34:24,926 | INFO | studyvibe | pipeline ok section=personal mood=chill_unwind confidence=1.00 n=2 total_ms=4.5
2026-04-28 22:34:24,932 | INFO | studyvibe | pipeline ok section=work mood=deep_focus_coding confidence=0.50 n=2 total_ms=2.3
2026-04-28 22:34:24,939 | INFO | studyvibe | pipeline ok section=work mood=email_triage confidence=0.00 n=1 total_ms=3.9
2026-04-28 22:34:24,946 | INFO | studyvibe | pipeline ok section=student mood=exam_cram confidence=0.50 n=1 total_ms=2.6
2026-04-28 22:34:24,948 | INFO | studyvibe | pipeline ok section=student mood=exam_cram confidence=0.50 n=1 total_ms=2.2
2026-04-28 22:34:51,354 | INFO | studyvibe | pipeline ok section=student mood=exam_cram confidence=1.00 n=3 total_ms=2.5
2026-04-28 22:34:51,360 | INFO | studyvibe | pipeline ok section=student mood=exam_cram confidence=1.00 n=2 total_ms=2.2
2026-04-28 22:34:51,364 | INFO | studyvibe | pipeline ok section=student mood=deep_study confidence=1.00 n=3 total_ms=2.2
2026-04-28 22:34:51,371 | INFO | studyvibe | pipeline ok section=personal mood=workout_gym confidence=1.00 n=2 total_ms=3.2
2026-04-28 22:34:51,373 | WARNING | studyvibe | pipeline guardrail layer=activity_allowlist msg=unknown section 'invalid'
2026-04-28 22:34:51,378 | INFO | studyvibe | pipeline ok section=personal mood=chill_unwind confidence=1.00 n=2 total_ms=2.1
2026-04-28 22:34:51,383 | INFO | studyvibe | pipeline ok section=work mood=deep_focus_coding confidence=0.50 n=2 total_ms=2.7
2026-04-28 22:34:51,389 | INFO | studyvibe | pipeline ok section=work mood=email_triage confidence=0.00 n=1 total_ms=2.8
2026-04-28 22:34:51,392 | INFO | studyvibe | pipeline ok section=student mood=exam_cram confidence=0.50 n=1 total_ms=1.6
2026-04-28 22:34:51,394 | INFO | studyvibe | pipeline ok section=student mood=exam_cram confidence=0.50 n=1 total_ms=1.3
2026-04-28 22:39:43,885 | INFO | studyvibe | pipeline ok section=student mood=exam_cram confidence=1.00 n=3 total_ms=1.9
2026-04-28 22:39:43,889 | INFO | studyvibe | pipeline ok section=student mood=exam_cram confidence=1.00 n=2 total_ms=1.4
2026-04-28 22:39:43,894 | INFO | studyvibe | pipeline ok section=student mood=deep_study confidence=1.00 n=3 total_ms=3.6
2026-04-28 22:39:43,902 | INFO | studyvibe | pipeline ok section=personal mood=workout_gym confidence=1.00 n=2 total_ms=3.9
2026-04-28 22:39:43,905 | WARNING | studyvibe | pipeline guardrail layer=activity_allowlist msg=unknown section 'invalid'
2026-04-28 22:39:43,912 | INFO | studyvibe | pipeline ok section=personal mood=chill_unwind confidence=1.00 n=2 total_ms=3.8
2026-04-28 22:39:43,918 | INFO | studyvibe | pipeline ok section=work mood=deep_focus_coding confidence=0.50 n=2 total_ms=3.1
2026-04-28 22:39:43,923 | INFO | studyvibe | pipeline ok section=work mood=email_triage confidence=0.00 n=1 total_ms=2.8
2026-04-28 22:39:43,930 | INFO | studyvibe | pipeline ok section=student mood=exam_cram confidence=0.50 n=1 total_ms=3.0
2026-04-28 22:39:43,933 | INFO | studyvibe | pipeline ok section=student mood=exam_cram confidence=0.50 n=1 total_ms=2.3
2026-04-28 22:40:02,017 | INFO | studyvibe | pipeline ok section=student mood=exam_cram confidence=0.50 n=3 total_ms=3.2
2026-04-28 22:40:18,251 | INFO | studyvibe | pipeline ok section=student mood=exam_cram confidence=0.50 n=3 total_ms=2.4
2026-04-28 22:40:18,255 | INFO | studyvibe | pipeline ok section=student mood=deep_study confidence=0.29 n=3 total_ms=2.8
2026-04-28 22:40:18,258 | INFO | studyvibe | pipeline ok section=student mood=light_reading confidence=0.50 n=3 total_ms=3.1
2026-04-28 22:40:18,261 | INFO | studyvibe | pipeline ok section=student mood=group_brainstorm confidence=0.40 n=3 total_ms=2.8
2026-04-28 22:40:18,264 | INFO | studyvibe | pipeline ok section=work mood=deep_focus_coding confidence=0.43 n=3 total_ms=2.0
2026-04-28 22:40:18,267 | INFO | studyvibe | pipeline ok section=work mood=email_triage confidence=0.60 n=3 total_ms=2.5
2026-04-28 22:40:18,270 | INFO | studyvibe | pipeline ok section=work mood=creative_brainstorm confidence=0.75 n=3 total_ms=3.2
2026-04-28 22:40:18,274 | INFO | studyvibe | pipeline ok section=work mood=meeting_prep confidence=0.40 n=3 total_ms=3.6
2026-04-28 22:40:18,279 | INFO | studyvibe | pipeline ok section=personal mood=workout_gym confidence=0.40 n=3 total_ms=3.7
2026-04-28 22:40:18,282 | INFO | studyvibe | pipeline ok section=personal mood=happy_celebrate confidence=0.80 n=3 total_ms=2.5
2026-04-28 22:40:18,284 | INFO | studyvibe | pipeline ok section=personal mood=sad_reflective confidence=0.60 n=3 total_ms=2.4
2026-04-28 22:40:18,287 | INFO | studyvibe | pipeline ok section=personal mood=sleep_winddown confidence=0.60 n=3 total_ms=2.8
2026-04-28 22:41:32,997 | INFO | studyvibe | pipeline ok section=student mood=exam_cram confidence=0.75 n=3 total_ms=2.3
2026-04-28 22:41:51,740 | INFO | studyvibe | pipeline ok section=personal mood=workout_gym confidence=1.00 n=2 total_ms=2.8
2026-04-28 22:41:51,748 | INFO | studyvibe | pipeline ok section=work mood=email_triage confidence=0.00 n=2 total_ms=4.6
2026-04-28 22:42:26,113 | INFO | studyvibe | pipeline ok section=student mood=exam_cram confidence=0.50 n=3 total_ms=4.0
2026-04-28 22:42:26,118 | INFO | studyvibe | pipeline ok section=work mood=deep_focus_coding confidence=0.43 n=3 total_ms=2.4
2026-04-28 22:42:26,125 | INFO | studyvibe | pipeline ok section=personal mood=workout_gym confidence=0.60 n=3 total_ms=3.1
2026-04-28 22:44:04,786 | INFO | studyvibe | pipeline ok section=student mood=exam_cram confidence=1.00 n=3 total_ms=2.8
2026-04-28 22:44:04,792 | INFO | studyvibe | pipeline ok section=student mood=exam_cram confidence=1.00 n=2 total_ms=2.9
2026-04-28 22:44:04,799 | INFO | studyvibe | pipeline ok section=student mood=deep_study confidence=1.00 n=3 total_ms=3.5
2026-04-28 22:44:04,807 | INFO | studyvibe | pipeline ok section=personal mood=workout_gym confidence=1.00 n=2 total_ms=3.9
2026-04-28 22:44:04,810 | WARNING | studyvibe | pipeline guardrail layer=activity_allowlist msg=unknown section 'invalid'
2026-04-28 22:44:04,819 | INFO | studyvibe | pipeline ok section=personal mood=chill_unwind confidence=1.00 n=2 total_ms=3.9
2026-04-28 22:44:04,826 | INFO | studyvibe | pipeline ok section=work mood=deep_focus_coding confidence=0.50 n=2 total_ms=3.1
2026-04-28 22:44:04,836 | INFO | studyvibe | pipeline ok section=work mood=email_triage confidence=0.00 n=1 total_ms=4.3
2026-04-28 22:44:04,843 | INFO | studyvibe | pipeline ok section=student mood=exam_cram confidence=0.50 n=1 total_ms=3.8
2026-04-28 22:44:04,847 | INFO | studyvibe | pipeline ok section=student mood=exam_cram confidence=0.50 n=1 total_ms=2.7
2026-04-28 22:44:06,493 | INFO | studyvibe | pipeline ok section=student mood=exam_cram confidence=0.50 n=3 total_ms=2.9
2026-04-28 22:44:06,496 | INFO | studyvibe | pipeline ok section=student mood=deep_study confidence=0.29 n=3 total_ms=2.4
2026-04-28 22:44:06,500 | INFO | studyvibe | pipeline ok section=student mood=light_reading confidence=0.50 n=3 total_ms=3.4
2026-04-28 22:44:06,504 | INFO | studyvibe | pipeline ok section=student mood=group_brainstorm confidence=0.40 n=3 total_ms=3.6
2026-04-28 22:44:06,508 | INFO | studyvibe | pipeline ok section=work mood=deep_focus_coding confidence=0.43 n=3 total_ms=3.4
2026-04-28 22:44:06,513 | INFO | studyvibe | pipeline ok section=work mood=email_triage confidence=0.60 n=3 total_ms=4.8
2026-04-28 22:44:06,517 | INFO | studyvibe | pipeline ok section=work mood=creative_brainstorm confidence=0.75 n=3 total_ms=3.4
2026-04-28 22:44:06,520 | INFO | studyvibe | pipeline ok section=work mood=meeting_prep confidence=0.40 n=3 total_ms=2.7
2026-04-28 22:44:06,524 | INFO | studyvibe | pipeline ok section=personal mood=workout_gym confidence=0.40 n=3 total_ms=3.7
2026-04-28 22:44:06,528 | INFO | studyvibe | pipeline ok section=personal mood=happy_celebrate confidence=0.80 n=3 total_ms=3.2
2026-04-28 22:44:06,532 | INFO | studyvibe | pipeline ok section=personal mood=sad_reflective confidence=0.60 n=3 total_ms=3.8
2026-04-28 22:44:06,536 | INFO | studyvibe | pipeline ok section=personal mood=sleep_winddown confidence=0.60 n=3 total_ms=3.6
2026-04-28 22:51:21,528 | INFO | studyvibe | pipeline ok section=student mood=exam_cram confidence=1.00 n=3 total_ms=2.1
2026-04-28 22:51:21,537 | INFO | studyvibe | pipeline ok section=student mood=exam_cram confidence=1.00 n=2 total_ms=3.8
2026-04-28 22:51:21,543 | INFO | studyvibe | pipeline ok section=student mood=deep_study confidence=1.00 n=3 total_ms=2.3
2026-04-28 22:51:21,550 | INFO | studyvibe | pipeline ok section=personal mood=workout_gym confidence=1.00 n=2 total_ms=4.4
2026-04-28 22:51:21,555 | WARNING | studyvibe | pipeline guardrail layer=activity_allowlist msg=unknown section 'invalid'
2026-04-28 22:51:21,561 | INFO | studyvibe | pipeline ok section=personal mood=chill_unwind confidence=1.00 n=2 total_ms=2.9
2026-04-28 22:51:21,569 | INFO | studyvibe | pipeline ok section=work mood=deep_focus_coding confidence=0.50 n=2 total_ms=4.5
2026-04-28 22:51:21,577 | INFO | studyvibe | pipeline ok section=work mood=email_triage confidence=0.00 n=1 total_ms=3.6
2026-04-28 22:51:21,585 | INFO | studyvibe | pipeline ok section=student mood=exam_cram confidence=0.50 n=1 total_ms=4.3
2026-04-28 22:51:21,589 | INFO | studyvibe | pipeline ok section=student mood=exam_cram confidence=0.50 n=1 total_ms=4.1
2026-04-28 22:53:21,586 | INFO | studyvibe | pipeline ok section=student mood=deep_study confidence=0.50 n=5 total_ms=4.2
2026-04-28 22:54:09,443 | INFO | studyvibe | pipeline ok section=personal mood=workout_gym confidence=1.00 n=5 total_ms=14.9
